0 info it worked if it ends with ok
1 verbose cli [ 'C:\\Program Files\\nodejs\\node.exe',
1 verbose cli   'C:\\Program Files\\nodejs\\node_modules\\npm\\bin\\npm-cli.js',
1 verbose cli   'install',
1 verbose cli   '--production' ]
2 info using npm@3.10.10
3 info using node@v6.10.3
4 silly loadCurrentTree Starting
5 silly install loadCurrentTree
6 silly install readLocalPackageData
7 silly install normalizeTree
8 silly loadCurrentTree Finishing
9 silly loadIdealTree Starting
10 silly install loadIdealTree
11 silly cloneCurrentTree Starting
12 silly install cloneCurrentTreeToIdealTree
13 silly cloneCurrentTree Finishing
14 silly loadShrinkwrap Starting
15 silly install loadShrinkwrap
16 silly loadShrinkwrap Finishing
17 silly loadAllDepsIntoIdealTree Starting
18 silly install loadAllDepsIntoIdealTree
19 silly fetchDirectoryPackageData botfiles
20 silly fetchOtherPackageData twit@file:node_modules/twit
21 silly cache add args [ 'twit@file:node_modules/twit', null ]
22 verbose cache add spec twit@file:node_modules/twit
23 silly fetchNamedPackageData underscore
24 silly mapToRegistry name underscore
25 silly mapToRegistry using default registry
26 silly mapToRegistry registry https://registry.npmjs.org/
27 silly mapToRegistry data Result {
27 silly mapToRegistry   raw: 'underscore',
27 silly mapToRegistry   scope: null,
27 silly mapToRegistry   escapedName: 'underscore',
27 silly mapToRegistry   name: 'underscore',
27 silly mapToRegistry   rawSpec: '',
27 silly mapToRegistry   spec: 'latest',
27 silly mapToRegistry   type: 'tag' }
28 silly mapToRegistry uri https://registry.npmjs.org/underscore
29 silly fetchNamedPackageData wordfilter
30 silly mapToRegistry name wordfilter
31 silly mapToRegistry using default registry
32 silly mapToRegistry registry https://registry.npmjs.org/
33 silly mapToRegistry data Result {
33 silly mapToRegistry   raw: 'wordfilter',
33 silly mapToRegistry   scope: null,
33 silly mapToRegistry   escapedName: 'wordfilter',
33 silly mapToRegistry   name: 'wordfilter',
33 silly mapToRegistry   rawSpec: '',
33 silly mapToRegistry   spec: 'latest',
33 silly mapToRegistry   type: 'tag' }
34 silly mapToRegistry uri https://registry.npmjs.org/wordfilter
35 silly cache add parsed spec Result {
35 silly cache add   raw: 'twit@file:node_modules/twit',
35 silly cache add   scope: null,
35 silly cache add   escapedName: 'twit',
35 silly cache add   name: 'twit',
35 silly cache add   rawSpec: 'file:node_modules/twit',
35 silly cache add   spec: 'C:\\lukennethbot\\dist\\node_modules\\twit',
35 silly cache add   type: 'local' }
36 error addLocal Could not install C:\lukennethbot\dist\node_modules\twit
37 silly fetchPackageMetaData Error: ENOENT: no such file or directory, open 'C:\lukennethbot\dist\node_modules\twit'
37 silly fetchPackageMetaData     at Error (native)
37 silly fetchPackageMetaData  error for twit@file:node_modules/twit { Error: ENOENT: no such file or directory, open 'C:\lukennethbot\dist\node_modules\twit'
37 silly fetchPackageMetaData     at Error (native)
37 silly fetchPackageMetaData   errno: -4058,
37 silly fetchPackageMetaData   code: 'ENOENT',
37 silly fetchPackageMetaData   syscall: 'open',
37 silly fetchPackageMetaData   path: 'C:\\lukennethbot\\dist\\node_modules\\twit' }
38 verbose request uri https://registry.npmjs.org/wordfilter
39 verbose request no auth needed
40 info attempt registry request try #1 at 3:24:27 PM
41 verbose request id f598f0efeae060b5
42 verbose etag W/"568aa5c3-5fda"
43 verbose lastModified Mon, 04 Jan 2016 17:02:59 GMT
44 http request GET https://registry.npmjs.org/wordfilter
45 verbose request uri https://registry.npmjs.org/underscore
46 verbose request no auth needed
47 info attempt registry request try #1 at 3:24:27 PM
48 verbose etag W/"591d815d-add1"
49 verbose lastModified Thu, 18 May 2017 11:11:25 GMT
50 http request GET https://registry.npmjs.org/underscore
51 silly resolveWithNewModule botfiles@1.0.1 checking installable status
52 silly cache add args [ 'botfiles@file:../botfiles', null ]
53 verbose cache add spec botfiles@file:../botfiles
54 silly cache add parsed spec Result {
54 silly cache add   raw: 'botfiles@file:../botfiles',
54 silly cache add   scope: null,
54 silly cache add   escapedName: 'botfiles',
54 silly cache add   name: 'botfiles',
54 silly cache add   rawSpec: 'file:../botfiles',
54 silly cache add   spec: 'C:\\lukennethbot\\botfiles',
54 silly cache add   type: 'directory' }
55 verbose addLocalDirectory C:\Users\Luke\AppData\Roaming\npm-cache\botfiles\1.0.1\package.tgz not in flight; packing
56 verbose correctMkdir C:\Users\Luke\AppData\Roaming\npm-cache correctMkdir not in flight; initializing
57 info lifecycle botfiles@1.0.1~prepublish: botfiles@1.0.1
58 silly lifecycle botfiles@1.0.1~prepublish: no script for prepublish, continuing
59 verbose tar pack [ 'C:\\Users\\Luke\\AppData\\Roaming\\npm-cache\\botfiles\\1.0.1\\package.tgz',
59 verbose tar pack   'C:\\lukennethbot\\botfiles' ]
60 verbose tarball C:\Users\Luke\AppData\Roaming\npm-cache\botfiles\1.0.1\package.tgz
61 verbose folder C:\lukennethbot\botfiles
62 verbose addLocalTarball adding from inside cache C:\Users\Luke\AppData\Roaming\npm-cache\botfiles\1.0.1\package.tgz
63 verbose correctMkdir C:\Users\Luke\AppData\Roaming\npm-cache correctMkdir not in flight; initializing
64 silly cache afterAdd botfiles@1.0.1
65 verbose afterAdd C:\Users\Luke\AppData\Roaming\npm-cache\botfiles\1.0.1\package\package.json not in flight; writing
66 verbose correctMkdir C:\Users\Luke\AppData\Roaming\npm-cache correctMkdir not in flight; initializing
67 verbose afterAdd C:\Users\Luke\AppData\Roaming\npm-cache\botfiles\1.0.1\package\package.json written
68 http 304 https://registry.npmjs.org/underscore
69 verbose headers { date: 'Sun, 21 May 2017 19:24:25 GMT',
69 verbose headers   via: '1.1 varnish',
69 verbose headers   'cache-control': 'max-age=300',
69 verbose headers   etag: 'W/"591d815d-add1"',
69 verbose headers   age: '230',
69 verbose headers   connection: 'keep-alive',
69 verbose headers   'x-served-by': 'cache-atl6249-ATL',
69 verbose headers   'x-cache': 'HIT',
69 verbose headers   'x-cache-hits': '1',
69 verbose headers   'x-timer': 'S1495394665.121208,VS0,VE0',
69 verbose headers   vary: 'Accept-Encoding' }
70 silly get cb [ 304,
70 silly get   { date: 'Sun, 21 May 2017 19:24:25 GMT',
70 silly get     via: '1.1 varnish',
70 silly get     'cache-control': 'max-age=300',
70 silly get     etag: 'W/"591d815d-add1"',
70 silly get     age: '230',
70 silly get     connection: 'keep-alive',
70 silly get     'x-served-by': 'cache-atl6249-ATL',
70 silly get     'x-cache': 'HIT',
70 silly get     'x-cache-hits': '1',
70 silly get     'x-timer': 'S1495394665.121208,VS0,VE0',
70 silly get     vary: 'Accept-Encoding' } ]
71 verbose etag https://registry.npmjs.org/underscore from cache
72 verbose get saving underscore to C:\Users\Luke\AppData\Roaming\npm-cache\registry.npmjs.org\underscore\.cache.json
73 verbose correctMkdir C:\Users\Luke\AppData\Roaming\npm-cache correctMkdir not in flight; initializing
74 silly resolveWithNewModule underscore@1.8.3 checking installable status
75 silly cache add args [ 'underscore@^1.8.3', null ]
76 verbose cache add spec underscore@^1.8.3
77 silly cache add parsed spec Result {
77 silly cache add   raw: 'underscore@^1.8.3',
77 silly cache add   scope: null,
77 silly cache add   escapedName: 'underscore',
77 silly cache add   name: 'underscore',
77 silly cache add   rawSpec: '^1.8.3',
77 silly cache add   spec: '>=1.8.3 <2.0.0',
77 silly cache add   type: 'range' }
78 silly addNamed underscore@>=1.8.3 <2.0.0
79 verbose addNamed ">=1.8.3 <2.0.0" is a valid semver range for underscore
80 silly addNameRange { name: 'underscore', range: '>=1.8.3 <2.0.0', hasData: false }
81 silly mapToRegistry name underscore
82 silly mapToRegistry using default registry
83 silly mapToRegistry registry https://registry.npmjs.org/
84 silly mapToRegistry data Result {
84 silly mapToRegistry   raw: 'underscore',
84 silly mapToRegistry   scope: null,
84 silly mapToRegistry   escapedName: 'underscore',
84 silly mapToRegistry   name: 'underscore',
84 silly mapToRegistry   rawSpec: '',
84 silly mapToRegistry   spec: 'latest',
84 silly mapToRegistry   type: 'tag' }
85 silly mapToRegistry uri https://registry.npmjs.org/underscore
86 verbose addNameRange registry:https://registry.npmjs.org/underscore not in flight; fetching
87 verbose get https://registry.npmjs.org/underscore not expired, no request
88 silly addNameRange number 2 { name: 'underscore', range: '>=1.8.3 <2.0.0', hasData: true }
89 silly addNameRange versions [ 'underscore',
89 silly addNameRange   [ '1.0.3',
89 silly addNameRange     '1.0.4',
89 silly addNameRange     '1.1.0',
89 silly addNameRange     '1.1.1',
89 silly addNameRange     '1.1.2',
89 silly addNameRange     '1.1.3',
89 silly addNameRange     '1.1.4',
89 silly addNameRange     '1.1.5',
89 silly addNameRange     '1.1.6',
89 silly addNameRange     '1.1.7',
89 silly addNameRange     '1.2.0',
89 silly addNameRange     '1.2.1',
89 silly addNameRange     '1.2.2',
89 silly addNameRange     '1.2.3',
89 silly addNameRange     '1.2.4',
89 silly addNameRange     '1.3.0',
89 silly addNameRange     '1.3.1',
89 silly addNameRange     '1.3.2',
89 silly addNameRange     '1.3.3',
89 silly addNameRange     '1.4.0',
89 silly addNameRange     '1.4.1',
89 silly addNameRange     '1.4.2',
89 silly addNameRange     '1.4.3',
89 silly addNameRange     '1.4.4',
89 silly addNameRange     '1.5.0',
89 silly addNameRange     '1.5.1',
89 silly addNameRange     '1.5.2',
89 silly addNameRange     '1.6.0',
89 silly addNameRange     '1.7.0',
89 silly addNameRange     '1.8.0',
89 silly addNameRange     '1.8.1',
89 silly addNameRange     '1.8.2',
89 silly addNameRange     '1.8.3' ] ]
90 silly addNamed underscore@1.8.3
91 verbose addNamed "1.8.3" is a plain semver version for underscore
92 silly cache afterAdd underscore@1.8.3
93 verbose afterAdd C:\Users\Luke\AppData\Roaming\npm-cache\underscore\1.8.3\package\package.json not in flight; writing
94 verbose correctMkdir C:\Users\Luke\AppData\Roaming\npm-cache correctMkdir not in flight; initializing
95 verbose afterAdd C:\Users\Luke\AppData\Roaming\npm-cache\underscore\1.8.3\package\package.json written
96 http 304 https://registry.npmjs.org/wordfilter
97 verbose headers { date: 'Sun, 21 May 2017 19:24:25 GMT',
97 verbose headers   via: '1.1 varnish',
97 verbose headers   'cache-control': 'max-age=300',
97 verbose headers   etag: 'W/"568aa5c3-5fda"',
97 verbose headers   age: '0',
97 verbose headers   connection: 'keep-alive',
97 verbose headers   'x-served-by': 'cache-atl6234-ATL',
97 verbose headers   'x-cache': 'HIT',
97 verbose headers   'x-cache-hits': '1',
97 verbose headers   'x-timer': 'S1495394665.116343,VS0,VE42',
97 verbose headers   vary: 'Accept-Encoding' }
98 silly get cb [ 304,
98 silly get   { date: 'Sun, 21 May 2017 19:24:25 GMT',
98 silly get     via: '1.1 varnish',
98 silly get     'cache-control': 'max-age=300',
98 silly get     etag: 'W/"568aa5c3-5fda"',
98 silly get     age: '0',
98 silly get     connection: 'keep-alive',
98 silly get     'x-served-by': 'cache-atl6234-ATL',
98 silly get     'x-cache': 'HIT',
98 silly get     'x-cache-hits': '1',
98 silly get     'x-timer': 'S1495394665.116343,VS0,VE42',
98 silly get     vary: 'Accept-Encoding' } ]
99 verbose etag https://registry.npmjs.org/wordfilter from cache
100 verbose get saving wordfilter to C:\Users\Luke\AppData\Roaming\npm-cache\registry.npmjs.org\wordfilter\.cache.json
101 verbose correctMkdir C:\Users\Luke\AppData\Roaming\npm-cache correctMkdir not in flight; initializing
102 silly resolveWithNewModule wordfilter@0.2.6 checking installable status
103 silly cache add args [ 'wordfilter@^0.2.6', null ]
104 verbose cache add spec wordfilter@^0.2.6
105 silly cache add parsed spec Result {
105 silly cache add   raw: 'wordfilter@^0.2.6',
105 silly cache add   scope: null,
105 silly cache add   escapedName: 'wordfilter',
105 silly cache add   name: 'wordfilter',
105 silly cache add   rawSpec: '^0.2.6',
105 silly cache add   spec: '>=0.2.6 <0.3.0',
105 silly cache add   type: 'range' }
106 silly addNamed wordfilter@>=0.2.6 <0.3.0
107 verbose addNamed ">=0.2.6 <0.3.0" is a valid semver range for wordfilter
108 silly addNameRange { name: 'wordfilter', range: '>=0.2.6 <0.3.0', hasData: false }
109 silly mapToRegistry name wordfilter
110 silly mapToRegistry using default registry
111 silly mapToRegistry registry https://registry.npmjs.org/
112 silly mapToRegistry data Result {
112 silly mapToRegistry   raw: 'wordfilter',
112 silly mapToRegistry   scope: null,
112 silly mapToRegistry   escapedName: 'wordfilter',
112 silly mapToRegistry   name: 'wordfilter',
112 silly mapToRegistry   rawSpec: '',
112 silly mapToRegistry   spec: 'latest',
112 silly mapToRegistry   type: 'tag' }
113 silly mapToRegistry uri https://registry.npmjs.org/wordfilter
114 verbose addNameRange registry:https://registry.npmjs.org/wordfilter not in flight; fetching
115 verbose get https://registry.npmjs.org/wordfilter not expired, no request
116 silly addNameRange number 2 { name: 'wordfilter', range: '>=0.2.6 <0.3.0', hasData: true }
117 silly addNameRange versions [ 'wordfilter',
117 silly addNameRange   [ '0.1.0',
117 silly addNameRange     '0.1.1',
117 silly addNameRange     '0.1.2',
117 silly addNameRange     '0.1.3',
117 silly addNameRange     '0.1.4',
117 silly addNameRange     '0.1.5',
117 silly addNameRange     '0.1.6',
117 silly addNameRange     '0.1.7',
117 silly addNameRange     '0.1.8-1',
117 silly addNameRange     '0.1.9-1',
117 silly addNameRange     '0.1.10',
117 silly addNameRange     '0.2.1',
117 silly addNameRange     '0.2.2',
117 silly addNameRange     '0.2.3',
117 silly addNameRange     '0.2.4',
117 silly addNameRange     '0.2.5',
117 silly addNameRange     '0.2.6' ] ]
118 silly addNamed wordfilter@0.2.6
119 verbose addNamed "0.2.6" is a plain semver version for wordfilter
120 silly cache afterAdd wordfilter@0.2.6
121 verbose afterAdd C:\Users\Luke\AppData\Roaming\npm-cache\wordfilter\0.2.6\package\package.json not in flight; writing
122 verbose correctMkdir C:\Users\Luke\AppData\Roaming\npm-cache correctMkdir not in flight; initializing
123 verbose afterAdd C:\Users\Luke\AppData\Roaming\npm-cache\wordfilter\0.2.6\package\package.json written
124 silly rollbackFailedOptional Starting
125 silly rollbackFailedOptional Finishing
126 silly runTopLevelLifecycles Finishing
127 silly install printInstalled
128 verbose stack Error: ENOENT: no such file or directory, open 'C:\lukennethbot\dist\node_modules\twit'
128 verbose stack     at Error (native)
129 verbose cwd C:\lukennethbot\dist
130 error Windows_NT 6.1.7601
131 error argv "C:\\Program Files\\nodejs\\node.exe" "C:\\Program Files\\nodejs\\node_modules\\npm\\bin\\npm-cli.js" "install" "--production"
132 error node v6.10.3
133 error npm  v3.10.10
134 error path C:\lukennethbot\dist\node_modules\twit
135 error code ENOENT
136 error errno -4058
137 error syscall open
138 error enoent ENOENT: no such file or directory, open 'C:\lukennethbot\dist\node_modules\twit'
139 error enoent ENOENT: no such file or directory, open 'C:\lukennethbot\dist\node_modules\twit'
139 error enoent This is most likely not a problem with npm itself
139 error enoent and is related to npm not being able to find a file.
140 verbose exit [ -4058, true ]
